0 info it worked if it ends with ok
1 verbose cli [ '/usr/local/bin/node', '/usr/local/bin/npm', 'run', 'dev' ]
2 info using npm@3.10.10
3 info using node@v6.11.0
4 verbose run-script [ 'predev', 'dev', 'postdev' ]
5 info lifecycle reactapp@1.0.0~predev: reactapp@1.0.0
6 verbose lifecycle reactapp@1.0.0~predev: unsafe-perm in lifecycle true
7 verbose lifecycle reactapp@1.0.0~predev: PATH: /usr/local/lib/node_modules/npm/bin/node-gyp-bin:/Users/cshampur/WebstormProjects/reactapp/node_modules/.bin:/usr/local/opt/openssl/bin:/Users/cshampur/go/bin:/usr/local/bin:/usr/bin:/bin:/usr/sbin:/sbin:/opt/X11/bin:/usr/local/MacGPG2/bin
8 verbose lifecycle reactapp@1.0.0~predev: CWD: /Users/cshampur/WebstormProjects/reactapp
9 silly lifecycle reactapp@1.0.0~predev: Args: [ '-c', 'cp ./src/index.html ./src/dist/index.html' ]
10 silly lifecycle reactapp@1.0.0~predev: Returned: code: 1  signal: null
11 info lifecycle reactapp@1.0.0~predev: Failed to exec predev script
12 verbose stack Error: reactapp@1.0.0 predev: `cp ./src/index.html ./src/dist/index.html`
12 verbose stack Exit status 1
12 verbose stack     at EventEmitter.<anonymous> (/usr/local/lib/node_modules/npm/lib/utils/lifecycle.js:255:16)
12 verbose stack     at emitTwo (events.js:106:13)
12 verbose stack     at EventEmitter.emit (events.js:191:7)
12 verbose stack     at ChildProcess.<anonymous> (/usr/local/lib/node_modules/npm/lib/utils/spawn.js:40:14)
12 verbose stack     at emitTwo (events.js:106:13)
12 verbose stack     at ChildProcess.emit (events.js:191:7)
12 verbose stack     at maybeClose (internal/child_process.js:891:16)
12 verbose stack     at Process.ChildProcess._handle.onexit (internal/child_process.js:226:5)
13 verbose pkgid reactapp@1.0.0
14 verbose cwd /Users/cshampur/WebstormProjects/reactapp
15 error Darwin 16.7.0
16 error argv "/usr/local/bin/node" "/usr/local/bin/npm" "run" "dev"
17 error node v6.11.0
18 error npm  v3.10.10
19 error code ELIFECYCLE
20 error reactapp@1.0.0 predev: `cp ./src/index.html ./src/dist/index.html`
20 error Exit status 1
21 error Failed at the reactapp@1.0.0 predev script 'cp ./src/index.html ./src/dist/index.html'.
21 error Make sure you have the latest version of node.js and npm installed.
21 error If you do, this is most likely a problem with the reactapp package,
21 error not with npm itself.
21 error Tell the author that this fails on your system:
21 error     cp ./src/index.html ./src/dist/index.html
21 error You can get information on how to open an issue for this project with:
21 error     npm bugs reactapp
21 error Or if that isn't available, you can get their info via:
21 error     npm owner ls reactapp
21 error There is likely additional logging output above.
22 verbose exit [ 1, true ]
